This is pdfTeX, Version 3.141592653-2.6-1.40.25 (TeX Live 2023/Arch Linux) (preloaded format=pdflatex 2023.10.4)  25 NOV 2023 08:21
entering extended mode
 restricted \write18 enabled.
 file:line:error style messages enabled.
 %&-line parsing enabled.
**/home/benito/MisDocumentos/edX/UPValenciaX/bol1201.x/bol1201.tex
(/home/benito/MisDocumentos/edX/UPValenciaX/bol1201.x/bol1201.tex
LaTeX2e <2022-11-01> patch level 1
L3 programming layer <2023-02-22> (/usr/share/texmf-dist/tex/latex/base/report.cls
Document Class: report 2022/07/02 v1.4n Standard LaTeX document class
(/usr/share/texmf-dist/tex/latex/base/size11.clo
File: size11.clo 2022/07/02 v1.4n Standard LaTeX file (size option)
)
\c@part=\count185
\c@chapter=\count186
\c@section=\count187
\c@subsection=\count188
\c@subsubsection=\count189
\c@paragraph=\count190
\c@subparagraph=\count191
\c@figure=\count192
\c@table=\count193
\abovecaptionskip=\skip48
\belowcaptionskip=\skip49
\bibindent=\dimen140
) (/usr/share/texmf-dist/tex/latex/bookmark/bookmark.sty
Package: bookmark 2020-11-06 v1.29 PDF bookmarks (HO)
 (/usr/share/texmf-dist/tex/latex/hyperref/hyperref.sty
Package: hyperref 2023-02-07 v7.00v Hypertext links for LaTeX
 (/usr/share/texmf-dist/tex/generic/ltxcmds/ltxcmds.sty
Package: ltxcmds 2020-05-10 v1.25 LaTeX kernel commands for general use (HO)
) (/usr/share/texmf-dist/tex/generic/iftex/iftex.sty
Package: iftex 2022/02/03 v1.0f TeX engine tests
) (/usr/share/texmf-dist/tex/generic/pdftexcmds/pdftexcmds.sty
Package: pdftexcmds 2020-06-27 v0.33 Utility functions of pdfTeX for LuaTeX (HO)
 (/usr/share/texmf-dist/tex/generic/infwarerr/infwarerr.sty
Package: infwarerr 2019/12/03 v1.5 Providing info/warning/error messages (HO)
)
Package pdftexcmds Info: \pdf@primitive is available.
Package pdftexcmds Info: \pdf@ifprimitive is available.
Package pdftexcmds Info: \pdfdraftmode found.
) (/usr/share/texmf-dist/tex/latex/graphics/keyval.sty
Package: keyval 2022/05/29 v1.15 key=value parser (DPC)
\KV@toks@=\toks16
) (/usr/share/texmf-dist/tex/latex/kvsetkeys/kvsetkeys.sty
Package: kvsetkeys 2022-10-05 v1.19 Key value parser (HO)
) (/usr/share/texmf-dist/tex/generic/kvdefinekeys/kvdefinekeys.sty
Package: kvdefinekeys 2019-12-19 v1.6 Define keys (HO)
) (/usr/share/texmf-dist/tex/generic/pdfescape/pdfescape.sty
Package: pdfescape 2019/12/09 v1.15 Implements pdfTeX's escape features (HO)
) (/usr/share/texmf-dist/tex/latex/hycolor/hycolor.sty
Package: hycolor 2020-01-27 v1.10 Color options for hyperref/bookmark (HO)
) (/usr/share/texmf-dist/tex/latex/letltxmacro/letltxmacro.sty
Package: letltxmacro 2019/12/03 v1.6 Let assignment for LaTeX macros (HO)
) (/usr/share/texmf-dist/tex/latex/auxhook/auxhook.sty
Package: auxhook 2019-12-17 v1.6 Hooks for auxiliary files (HO)
) (/usr/share/texmf-dist/tex/latex/hyperref/nameref.sty
Package: nameref 2022-05-17 v2.50 Cross-referencing by name of section
 (/usr/share/texmf-dist/tex/latex/refcount/refcount.sty
Package: refcount 2019/12/15 v3.6 Data extraction from label references (HO)
) (/usr/share/texmf-dist/tex/generic/gettitlestring/gettitlestring.sty
Package: gettitlestring 2019/12/15 v1.6 Cleanup title references (HO)
 (/usr/share/texmf-dist/tex/latex/kvoptions/kvoptions.sty
Package: kvoptions 2022-06-15 v3.15 Key value format for package options (HO)
))
\c@section@level=\count194
)
\@linkdim=\dimen141
\Hy@linkcounter=\count195
\Hy@pagecounter=\count196
 (/usr/share/texmf-dist/tex/latex/hyperref/pd1enc.def
File: pd1enc.def 2023-02-07 v7.00v Hyperref: PDFDocEncoding definition (HO)
Now handling font encoding PD1 ...
... no UTF-8 mapping file for font encoding PD1
) (/usr/share/texmf-dist/tex/generic/intcalc/intcalc.sty
Package: intcalc 2019/12/15 v1.3 Expandable calculations with integers (HO)
) (/usr/share/texmf-dist/tex/generic/etexcmds/etexcmds.sty
Package: etexcmds 2019/12/15 v1.7 Avoid name clashes with e-TeX commands (HO)
)
\Hy@SavedSpaceFactor=\count197
 (/usr/share/texmf-dist/tex/latex/hyperref/puenc.def
File: puenc.def 2023-02-07 v7.00v Hyperref: PDF Unicode definition (HO)
Now handling font encoding PU ...
... no UTF-8 mapping file for font encoding PU
)
Package hyperref Info: Hyper figures OFF on input line 4177.
Package hyperref Info: Link nesting OFF on input line 4182.
Package hyperref Info: Hyper index ON on input line 4185.
Package hyperref Info: Plain pages OFF on input line 4192.
Package hyperref Info: Backreferencing OFF on input line 4197.
Package hyperref Info: Implicit mode ON; LaTeX internals redefined.
Package hyperref Info: Bookmarks ON on input line 4425.
\c@Hy@tempcnt=\count198
 (/usr/share/texmf-dist/tex/latex/url/url.sty
\Urlmuskip=\muskip16
Package: url 2013/09/16  ver 3.4  Verb mode for urls, etc.
)
LaTeX Info: Redefining \url on input line 4763.
\XeTeXLinkMargin=\dimen142
 (/usr/share/texmf-dist/tex/generic/bitset/bitset.sty
Package: bitset 2019/12/09 v1.3 Handle bit-vector datatype (HO)
 (/usr/share/texmf-dist/tex/generic/bigintcalc/bigintcalc.sty
Package: bigintcalc 2019/12/15 v1.5 Expandable calculations on big integers (HO)
))
\Fld@menulength=\count199
\Field@Width=\dimen143
\Fld@charsize=\dimen144
Package hyperref Info: Hyper figures OFF on input line 6042.
Package hyperref Info: Link nesting OFF on input line 6047.
Package hyperref Info: Hyper index ON on input line 6050.
Package hyperref Info: backreferencing OFF on input line 6057.
Package hyperref Info: Link coloring OFF on input line 6062.
Package hyperref Info: Link coloring with OCG OFF on input line 6067.
Package hyperref Info: PDF/A mode OFF on input line 6072.
 (/usr/share/texmf-dist/tex/latex/base/atbegshi-ltx.sty
Package: atbegshi-ltx 2021/01/10 v1.0c Emulation of the original atbegshi
package with kernel methods
)
\Hy@abspage=\count266
\c@Item=\count267
\c@Hfootnote=\count268
)
Package hyperref Info: Driver (autodetected): hpdftex.
 (/usr/share/texmf-dist/tex/latex/hyperref/hpdftex.def
File: hpdftex.def 2023-02-07 v7.00v Hyperref driver for pdfTeX
 (/usr/share/texmf-dist/tex/latex/base/atveryend-ltx.sty
Package: atveryend-ltx 2020/08/19 v1.0a Emulation of the original atveryend package
with kernel methods
)
\Fld@listcount=\count269
\c@bookmark@seq@number=\count270
 (/usr/share/texmf-dist/tex/latex/rerunfilecheck/rerunfilecheck.sty
Package: rerunfilecheck 2022-07-10 v1.10 Rerun checks for auxiliary files (HO)
 (/usr/share/texmf-dist/tex/generic/uniquecounter/uniquecounter.sty
Package: uniquecounter 2019/12/15 v1.4 Provide unlimited unique counter (HO)
)
Package uniquecounter Info: New unique counter `rerunfilecheck' on input line 285.
)
\Hy@SectionHShift=\skip50
) (/usr/share/texmf-dist/tex/latex/bookmark/bkm-pdftex.def
File: bkm-pdftex.def 2020-11-06 v1.29 bookmark driver for pdfTeX (HO)
\BKM@id=\count271
)) (/usr/share/texmf-dist/tex/generic/babel/babel.sty
Package: babel 2023/02/13 3.86 The Babel package
\babel@savecnt=\count272
\U@D=\dimen145
\l@unhyphenated=\language8
 (/usr/share/texmf-dist/tex/generic/babel/txtbabel.def)
\bbl@readstream=\read2
\bbl@dirlevel=\count273
 (/usr/share/texmf-dist/tex/generic/babel-spanish/spanish.ldf
Language: spanish.ldf 2021/05/27 v5.0q Spanish support from the babel system
\es@quottoks=\toks17
\es@quotdepth=\count274
Package babel Info: Making " an active character on input line 570.
Package babel Info: Making . an active character on input line 675.
Package babel Info: Making < an active character on input line 722.
Package babel Info: Making > an active character on input line 722.
) (/usr/share/texmf-dist/tex/generic/babel-english/english.ldf
Language: english 2017/06/06 v3.3r English support from the babel system
Package babel Info: Hyphen rules for 'canadian' set to \l@english
(babel)             (\language0). Reported on input line 102.
Package babel Info: Hyphen rules for 'australian' set to \l@ukenglish
(babel)             (\language3). Reported on input line 105.
Package babel Info: Hyphen rules for 'newzealand' set to \l@ukenglish
(babel)             (\language3). Reported on input line 108.
)) (/usr/share/texmf-dist/tex/generic/babel/locale/en/babel-english.tex
Package babel Info: Importing font and identification data for english
(babel)             from babel-en.ini. Reported on input line 11.
) (/usr/share/texmf-dist/tex/generic/babel/locale/es/babel-spanish.tex
Package babel Info: Importing font and identification data for spanish
(babel)             from babel-es.ini. Reported on input line 11.
) (/usr/share/texmf-dist/tex/latex/geometry/geometry.sty
Package: geometry 2020/01/02 v5.9 Page Geometry
 (/usr/share/texmf-dist/tex/generic/iftex/ifvtex.sty
Package: ifvtex 2019/10/25 v1.7 ifvtex legacy package. Use iftex instead.
)
\Gm@cnth=\count275
\Gm@cntv=\count276
\c@Gm@tempcnt=\count277
\Gm@bindingoffset=\dimen146
\Gm@wd@mp=\dimen147
\Gm@odd@mp=\dimen148
\Gm@even@mp=\dimen149
\Gm@layoutwidth=\dimen150
\Gm@layoutheight=\dimen151
\Gm@layouthoffset=\dimen152
\Gm@layoutvoffset=\dimen153
\Gm@dimlist=\toks18
) (/usr/share/texmf-dist/tex/latex/amsmath/amsmath.sty
Package: amsmath 2022/04/08 v2.17n AMS math features
\@mathmargin=\skip51

For additional information on amsmath, use the `?' option.
(/usr/share/texmf-dist/tex/latex/amsmath/amstext.sty
Package: amstext 2021/08/26 v2.01 AMS text
 (/usr/share/texmf-dist/tex/latex/amsmath/amsgen.sty
File: amsgen.sty 1999/11/30 v2.0 generic functions
\@emptytoks=\toks19
\ex@=\dimen154
)) (/usr/share/texmf-dist/tex/latex/amsmath/amsbsy.sty
Package: amsbsy 1999/11/29 v1.2d Bold Symbols
\pmbraise@=\dimen155
) (/usr/share/texmf-dist/tex/latex/amsmath/amsopn.sty
Package: amsopn 2022/04/08 v2.04 operator names
)
\inf@bad=\count278
LaTeX Info: Redefining \frac on input line 234.
\uproot@=\count279
\leftroot@=\count280
LaTeX Info: Redefining \overline on input line 399.
LaTeX Info: Redefining \colon on input line 410.
\classnum@=\count281
\DOTSCASE@=\count282
LaTeX Info: Redefining \ldots on input line 496.
LaTeX Info: Redefining \dots on input line 499.
LaTeX Info: Redefining \cdots on input line 620.
\Mathstrutbox@=\box51
\strutbox@=\box52
LaTeX Info: Redefining \big on input line 722.
LaTeX Info: Redefining \Big on input line 723.
LaTeX Info: Redefining \bigg on input line 724.
LaTeX Info: Redefining \Bigg on input line 725.
\big@size=\dimen156
LaTeX Font Info:    Redeclaring font encoding OML on input line 743.
LaTeX Font Info:    Redeclaring font encoding OMS on input line 744.
\macc@depth=\count283
LaTeX Info: Redefining \bmod on input line 905.
LaTeX Info: Redefining \pmod on input line 910.
LaTeX Info: Redefining \smash on input line 940.
LaTeX Info: Redefining \relbar on input line 970.
LaTeX Info: Redefining \Relbar on input line 971.
\c@MaxMatrixCols=\count284
\dotsspace@=\muskip17
\c@parentequation=\count285
\dspbrk@lvl=\count286
\tag@help=\toks20
\row@=\count287
\column@=\count288
\maxfields@=\count289
\andhelp@=\toks21
\eqnshift@=\dimen157
\alignsep@=\dimen158
\tagshift@=\dimen159
\tagwidth@=\dimen160
\totwidth@=\dimen161
\lineht@=\dimen162
\@envbody=\toks22
\multlinegap=\skip52
\multlinetaggap=\skip53
\mathdisplay@stack=\toks23
LaTeX Info: Redefining \[ on input line 2953.
LaTeX Info: Redefining \] on input line 2954.
) (/usr/share/texmf-dist/tex/latex/amsfonts/amssymb.sty
Package: amssymb 2013/01/14 v3.01 AMS font symbols
 (/usr/share/texmf-dist/tex/latex/amsfonts/amsfonts.sty
Package: amsfonts 2013/01/14 v3.01 Basic AMSFonts support
\symAMSa=\mathgroup4
\symAMSb=\mathgroup5
LaTeX Font Info:    Redeclaring math symbol \hbar on input line 98.
LaTeX Font Info:    Overwriting math alphabet `\mathfrak' in version `bold'
(Font)                  U/euf/m/n --> U/euf/b/n on input line 106.
)) (/usr/share/texmf-dist/tex/latex/base/latexsym.sty
Package: latexsym 1998/08/17 v2.2e Standard LaTeX package (lasy symbols)
\symlasy=\mathgroup6
LaTeX Font Info:    Overwriting symbol font `lasy' in version `bold'
(Font)                  U/lasy/m/n --> U/lasy/b/n on input line 52.
) (/usr/share/texmf-dist/tex/latex/base/fontenc.sty
Package: fontenc 2021/04/29 v2.0v Standard LaTeX package
) (/usr/share/texmf-dist/tex/latex/base/inputenc.sty
Package: inputenc 2021/02/14 v1.3d Input encoding file
\inpenc@prehook=\toks24
\inpenc@posthook=\toks25
) (/usr/share/texmf-dist/tex/latex/graphics/graphicx.sty
Package: graphicx 2021/09/16 v1.2d Enhanced LaTeX Graphics (DPC,SPQR)
 (/usr/share/texmf-dist/tex/latex/graphics/graphics.sty
Package: graphics 2022/03/10 v1.4e Standard LaTeX Graphics (DPC,SPQR)
 (/usr/share/texmf-dist/tex/latex/graphics/trig.sty
Package: trig 2021/08/11 v1.11 sin cos tan (DPC)
) (/usr/share/texmf-dist/tex/latex/graphics-cfg/graphics.cfg
File: graphics.cfg 2016/06/04 v1.11 sample graphics configuration
)
Package graphics Info: Driver file: pdftex.def on input line 107.
 (/usr/share/texmf-dist/tex/latex/graphics-def/pdftex.def
File: pdftex.def 2022/09/22 v1.2b Graphics/color driver for pdftex
))
\Gin@req@height=\dimen163
\Gin@req@width=\dimen164
) (/usr/share/texmf-dist/tex/latex/wrapfig/wrapfig.sty
\wrapoverhang=\dimen165
\WF@size=\dimen166
\c@WF@wrappedlines=\count290
\WF@box=\box53
\WF@everypar=\toks26
Package: wrapfig 2003/01/31  v 3.6
) (/usr/share/texmf-dist/tex/latex/floatflt/floatflt.sty
Package: floatflt 1997/07/16 v. 1.31
\c@OptionTest=\count291
\figbox=\box54
\tabbox=\box55
\pagebox=\box56
\ffigcount=\count292
\ftabcount=\count293
\fftest=\count294
\hangcount=\count295
\nosuccesstryfig=\count296
\nosuccesstrytab=\count297
\figgutter=\dimen167
\tabgutter=\dimen168
\htdone=\dimen169
\pageht=\dimen170
\startpageht=\dimen171
\tabbredd=\dimen172
\floatfltwidth=\dimen173
\fltitemwidth=\dimen174
\outputpretest=\toks27
) (/usr/share/texmf-dist/tex/latex/xcolor/xcolor.sty
Package: xcolor 2022/06/12 v2.14 LaTeX color extensions (UK)
 (/usr/share/texmf-dist/tex/latex/graphics-cfg/color.cfg
File: color.cfg 2016/01/02 v1.6 sample color configuration
)
Package xcolor Info: Driver file: pdftex.def on input line 227.
 (/usr/share/texmf-dist/tex/latex/colortbl/colortbl.sty
Package: colortbl 2022/06/20 v1.0f Color table columns (DPC)
 (/usr/share/texmf-dist/tex/latex/tools/array.sty
Package: array 2022/09/04 v2.5g Tabular extension package (FMi)
\col@sep=\dimen175
\ar@mcellbox=\box57
\extrarowheight=\dimen176
\NC@list=\toks28
\extratabsurround=\skip54
\backup@length=\skip55
\ar@cellbox=\box58
)
\everycr=\toks29
\minrowclearance=\skip56
\rownum=\count298
) (/usr/share/texmf-dist/tex/latex/graphics/mathcolor.ltx)
Package xcolor Info: Model `cmy' substituted by `cmy0' on input line 1353.
Package xcolor Info: Model `hsb' substituted by `rgb' on input line 1357.
Package xcolor Info: Model `RGB' extended on input line 1369.
Package xcolor Info: Model `HTML' substituted by `rgb' on input line 1371.
Package xcolor Info: Model `Hsb' substituted by `hsb' on input line 1372.
Package xcolor Info: Model `tHsb' substituted by `hsb' on input line 1373.
Package xcolor Info: Model `HSB' substituted by `hsb' on input line 1374.
Package xcolor Info: Model `Gray' substituted by `gray' on input line 1375.
Package xcolor Info: Model `wave' substituted by `hsb' on input line 1376.
) (/usr/share/texmf-dist/tex/latex/titlesec/titlesec.sty
Package: titlesec 2021/07/05 v2.14 Sectioning titles
\ttl@box=\box59
\beforetitleunit=\skip57
\aftertitleunit=\skip58
\ttl@plus=\dimen177
\ttl@minus=\dimen178
\ttl@toksa=\toks30
\titlewidth=\dimen179
\titlewidthlast=\dimen180
\titlewidthfirst=\dimen181
) (/usr/share/texmf-dist/tex/latex/tools/tabularx.sty
Package: tabularx 2020/01/15 v2.11c `tabularx' package (DPC)
\TX@col@width=\dimen182
\TX@old@table=\dimen183
\TX@old@col=\dimen184
\TX@target=\dimen185
\TX@delta=\dimen186
\TX@cols=\count299
\TX@ftn=\toks31
) (/usr/share/texmf-dist/tex/generic/soul/soul.sty
Package: soul 2023-02-18 v3.0 Permit use of UTF-8 characters in soul (HO)
 (/usr/share/texmf-dist/tex/generic/soul/soul-ori.sty
Package: soul-ori 2023-02-18 v3.0 letterspacing/underlining (mf)
\SOUL@word=\toks32
\SOUL@lasttoken=\toks33
\SOUL@syllable=\toks34
\SOUL@cmds=\toks35
\SOUL@buffer=\toks36
\SOUL@token=\toks37
\SOUL@syllgoal=\dimen187
\SOUL@syllwidth=\dimen188
\SOUL@charkern=\dimen189
\SOUL@hyphkern=\dimen190
\SOUL@dimen=\dimen191
\SOUL@dimeni=\dimen192
\SOUL@minus=\count300
\SOUL@comma=\count301
\SOUL@apo=\count302
\SOUL@grave=\count303
\SOUL@spaceskip=\skip59
\SOUL@ttwidth=\dimen193
\SOUL@uldp=\dimen194
\SOUL@ulht=\dimen195
)) (/usr/share/texmf-dist/tex/latex/bera/beramono.sty
Package: beramono 2004/01/31 (WaS)
) (/usr/share/texmf-dist/tex/latex/listings/listings.sty
\lst@mode=\count304
\lst@gtempboxa=\box60
\lst@token=\toks38
\lst@length=\count305
\lst@currlwidth=\dimen196
\lst@column=\count306
\lst@pos=\count307
\lst@lostspace=\dimen197
\lst@width=\dimen198
\lst@newlines=\count308
\lst@lineno=\count309
\lst@maxwidth=\dimen199
 (/usr/share/texmf-dist/tex/latex/listings/lstmisc.sty
File: lstmisc.sty 2023/02/27 1.9 (Carsten Heinz)
\c@lstnumber=\count310
\lst@skipnumbers=\count311
\lst@framebox=\box61
) (/usr/share/texmf-dist/tex/latex/listings/listings.cfg
File: listings.cfg 2023/02/27 1.9 listings configuration
))
Package: listings 2023/02/27 1.9 (Carsten Heinz)
 (/usr/share/texmf-dist/tex/latex/listingsutf8/listingsutf8.sty
Package: listingsutf8 2019-12-10 v1.5 Allow UTF-8 in listings input (HO)
 (/usr/share/texmf-dist/tex/generic/stringenc/stringenc.sty
Package: stringenc 2019/11/29 v1.12 Convert strings between diff. encodings (HO)
)) (/usr/share/texmf-dist/tex/latex/enumitem/enumitem.sty
Package: enumitem 2019/06/20 v3.9 Customized lists
\labelindent=\skip60
\enit@outerparindent=\dimen256
\enit@toks=\toks39
\enit@inbox=\box62
\enit@count@id=\count312
\enitdp@description=\count313
) (/usr/share/texmf-dist/tex/latex/varwidth/varwidth.sty
Package: varwidth 2009/03/30 ver 0.92;  Variable-width minipages
\@vwid@box=\box63
\sift@deathcycles=\count314
\@vwid@loff=\dimen257
\@vwid@roff=\dimen258
) (/usr/share/texmf-dist/tex/latex/tcolorbox/tcolorbox.sty
Package: tcolorbox 2023/02/12 version 6.0.1 text color boxes
 (/usr/share/texmf-dist/tex/latex/pgf/basiclayer/pgf.sty (/usr/share/texmf-dist/tex/latex/pgf/utilities/pgfrcs.sty (/usr/share/texmf-dist/tex/generic/pgf/utilities/pgfutil-common.tex
\pgfutil@everybye=\toks40
\pgfutil@tempdima=\dimen259
\pgfutil@tempdimb=\dimen260
) (/usr/share/texmf-dist/tex/generic/pgf/utilities/pgfutil-latex.def
\pgfutil@abb=\box64
) (/usr/share/texmf-dist/tex/generic/pgf/utilities/pgfrcs.code.tex (/usr/share/texmf-dist/tex/generic/pgf/pgf.revision.tex)
Package: pgfrcs 2023-01-15 v3.1.10 (3.1.10)
))
Package: pgf 2023-01-15 v3.1.10 (3.1.10)
 (/usr/share/texmf-dist/tex/latex/pgf/basiclayer/pgfcore.sty (/usr/share/texmf-dist/tex/latex/pgf/systemlayer/pgfsys.sty (/usr/share/texmf-dist/tex/generic/pgf/systemlayer/pgfsys.code.tex
Package: pgfsys 2023-01-15 v3.1.10 (3.1.10)
 (/usr/share/texmf-dist/tex/generic/pgf/utilities/pgfkeys.code.tex
\pgfkeys@pathtoks=\toks41
\pgfkeys@temptoks=\toks42
 (/usr/share/texmf-dist/tex/generic/pgf/utilities/pgfkeyslibraryfiltered.code.tex
\pgfkeys@tmptoks=\toks43
))
\pgf@x=\dimen261
\pgf@y=\dimen262
\pgf@xa=\dimen263
\pgf@ya=\dimen264
\pgf@xb=\dimen265
\pgf@yb=\dimen266
\pgf@xc=\dimen267
\pgf@yc=\dimen268
\pgf@xd=\dimen269
\pgf@yd=\dimen270
\w@pgf@writea=\write3
\r@pgf@reada=\read3
\c@pgf@counta=\count315
\c@pgf@countb=\count316
\c@pgf@countc=\count317
\c@pgf@countd=\count318
\t@pgf@toka=\toks44
\t@pgf@tokb=\toks45
\t@pgf@tokc=\toks46
\pgf@sys@id@count=\count319
 (/usr/share/texmf-dist/tex/generic/pgf/systemlayer/pgf.cfg
File: pgf.cfg 2023-01-15 v3.1.10 (3.1.10)
)
Driver file for pgf: pgfsys-pdftex.def
 (/usr/share/texmf-dist/tex/generic/pgf/systemlayer/pgfsys-pdftex.def
File: pgfsys-pdftex.def 2023-01-15 v3.1.10 (3.1.10)
 (/usr/share/texmf-dist/tex/generic/pgf/systemlayer/pgfsys-common-pdf.def
File: pgfsys-common-pdf.def 2023-01-15 v3.1.10 (3.1.10)
))) (/usr/share/texmf-dist/tex/generic/pgf/systemlayer/pgfsyssoftpath.code.tex
File: pgfsyssoftpath.code.tex 2023-01-15 v3.1.10 (3.1.10)
\pgfsyssoftpath@smallbuffer@items=\count320
\pgfsyssoftpath@bigbuffer@items=\count321
) (/usr/share/texmf-dist/tex/generic/pgf/systemlayer/pgfsysprotocol.code.tex
File: pgfsysprotocol.code.tex 2023-01-15 v3.1.10 (3.1.10)
)) (/usr/share/texmf-dist/tex/generic/pgf/basiclayer/pgfcore.code.tex
Package: pgfcore 2023-01-15 v3.1.10 (3.1.10)
 (/usr/share/texmf-dist/tex/generic/pgf/math/pgfmath.code.tex (/usr/share/texmf-dist/tex/generic/pgf/math/pgfmathutil.code.tex) (/usr/share/texmf-dist/tex/generic/pgf/math/pgfmathparser.code.tex
\pgfmath@dimen=\dimen271
\pgfmath@count=\count322
\pgfmath@box=\box65
\pgfmath@toks=\toks47
\pgfmath@stack@operand=\toks48
\pgfmath@stack@operation=\toks49
) (/usr/share/texmf-dist/tex/generic/pgf/math/pgfmathfunctions.code.tex) (/usr/share/texmf-dist/tex/generic/pgf/math/pgfmathfunctions.basic.code.tex) (/usr/share/texmf-dist/tex/generic/pgf/math/pgfmathfunctions.trigonometric.code.tex) (/usr/share/texmf-dist/tex/generic/pgf/math/pgfmathfunctions.random.code.tex) (/usr/share/texmf-dist/tex/generic/pgf/math/pgfmathfunctions.comparison.code.tex) (/usr/share/texmf-dist/tex/generic/pgf/math/pgfmathfunctions.base.code.tex) (/usr/share/texmf-dist/tex/generic/pgf/math/pgfmathfunctions.round.code.tex) (/usr/share/texmf-dist/tex/generic/pgf/math/pgfmathfunctions.misc.code.tex) (/usr/share/texmf-dist/tex/generic/pgf/math/pgfmathfunctions.integerarithmetics.code.tex) (/usr/share/texmf-dist/tex/generic/pgf/math/pgfmathcalc.code.tex) (/usr/share/texmf-dist/tex/generic/pgf/math/pgfmathfloat.code.tex
\c@pgfmathroundto@lastzeros=\count323
)) (/usr/share/texmf-dist/tex/generic/pgf/math/pgfint.code.tex) (/usr/share/texmf-dist/tex/generic/pgf/basiclayer/pgfcorepoints.code.tex
File: pgfcorepoints.code.tex 2023-01-15 v3.1.10 (3.1.10)
\pgf@picminx=\dimen272
\pgf@picmaxx=\dimen273
\pgf@picminy=\dimen274
\pgf@picmaxy=\dimen275
\pgf@pathminx=\dimen276
\pgf@pathmaxx=\dimen277
\pgf@pathminy=\dimen278
\pgf@pathmaxy=\dimen279
\pgf@xx=\dimen280
\pgf@xy=\dimen281
\pgf@yx=\dimen282
\pgf@yy=\dimen283
\pgf@zx=\dimen284
\pgf@zy=\dimen285
) (/usr/share/texmf-dist/tex/generic/pgf/basiclayer/pgfcorepathconstruct.code.tex
File: pgfcorepathconstruct.code.tex 2023-01-15 v3.1.10 (3.1.10)
\pgf@path@lastx=\dimen286
\pgf@path@lasty=\dimen287
) (/usr/share/texmf-dist/tex/generic/pgf/basiclayer/pgfcorepathusage.code.tex
File: pgfcorepathusage.code.tex 2023-01-15 v3.1.10 (3.1.10)
\pgf@shorten@end@additional=\dimen288
\pgf@shorten@start@additional=\dimen289
) (/usr/share/texmf-dist/tex/generic/pgf/basiclayer/pgfcorescopes.code.tex
File: pgfcorescopes.code.tex 2023-01-15 v3.1.10 (3.1.10)
\pgfpic=\box66
\pgf@hbox=\box67
\pgf@layerbox@main=\box68
\pgf@picture@serial@count=\count324
) (/usr/share/texmf-dist/tex/generic/pgf/basiclayer/pgfcoregraphicstate.code.tex
File: pgfcoregraphicstate.code.tex 2023-01-15 v3.1.10 (3.1.10)
\pgflinewidth=\dimen290
) (/usr/share/texmf-dist/tex/generic/pgf/basiclayer/pgfcoretransformations.code.tex
File: pgfcoretransformations.code.tex 2023-01-15 v3.1.10 (3.1.10)
\pgf@pt@x=\dimen291
\pgf@pt@y=\dimen292
\pgf@pt@temp=\dimen293
) (/usr/share/texmf-dist/tex/generic/pgf/basiclayer/pgfcorequick.code.tex
File: pgfcorequick.code.tex 2023-01-15 v3.1.10 (3.1.10)
) (/usr/share/texmf-dist/tex/generic/pgf/basiclayer/pgfcoreobjects.code.tex
File: pgfcoreobjects.code.tex 2023-01-15 v3.1.10 (3.1.10)
) (/usr/share/texmf-dist/tex/generic/pgf/basiclayer/pgfcorepathprocessing.code.tex
File: pgfcorepathprocessing.code.tex 2023-01-15 v3.1.10 (3.1.10)
) (/usr/share/texmf-dist/tex/generic/pgf/basiclayer/pgfcorearrows.code.tex
File: pgfcorearrows.code.tex 2023-01-15 v3.1.10 (3.1.10)
\pgfarrowsep=\dimen294
) (/usr/share/texmf-dist/tex/generic/pgf/basiclayer/pgfcoreshade.code.tex
File: pgfcoreshade.code.tex 2023-01-15 v3.1.10 (3.1.10)
\pgf@max=\dimen295
\pgf@sys@shading@range@num=\count325
\pgf@shadingcount=\count326
) (/usr/share/texmf-dist/tex/generic/pgf/basiclayer/pgfcoreimage.code.tex
File: pgfcoreimage.code.tex 2023-01-15 v3.1.10 (3.1.10)
) (/usr/share/texmf-dist/tex/generic/pgf/basiclayer/pgfcoreexternal.code.tex
File: pgfcoreexternal.code.tex 2023-01-15 v3.1.10 (3.1.10)
\pgfexternal@startupbox=\box69
) (/usr/share/texmf-dist/tex/generic/pgf/basiclayer/pgfcorelayers.code.tex
File: pgfcorelayers.code.tex 2023-01-15 v3.1.10 (3.1.10)
) (/usr/share/texmf-dist/tex/generic/pgf/basiclayer/pgfcoretransparency.code.tex
File: pgfcoretransparency.code.tex 2023-01-15 v3.1.10 (3.1.10)
) (/usr/share/texmf-dist/tex/generic/pgf/basiclayer/pgfcorepatterns.code.tex
File: pgfcorepatterns.code.tex 2023-01-15 v3.1.10 (3.1.10)
) (/usr/share/texmf-dist/tex/generic/pgf/basiclayer/pgfcorerdf.code.tex
File: pgfcorerdf.code.tex 2023-01-15 v3.1.10 (3.1.10)
))) (/usr/share/texmf-dist/tex/generic/pgf/modules/pgfmoduleshapes.code.tex
File: pgfmoduleshapes.code.tex 2023-01-15 v3.1.10 (3.1.10)
\pgfnodeparttextbox=\box70
) (/usr/share/texmf-dist/tex/generic/pgf/modules/pgfmoduleplot.code.tex
File: pgfmoduleplot.code.tex 2023-01-15 v3.1.10 (3.1.10)
) (/usr/share/texmf-dist/tex/latex/pgf/compatibility/pgfcomp-version-0-65.sty
Package: pgfcomp-version-0-65 2023-01-15 v3.1.10 (3.1.10)
\pgf@nodesepstart=\dimen296
\pgf@nodesepend=\dimen297
) (/usr/share/texmf-dist/tex/latex/pgf/compatibility/pgfcomp-version-1-18.sty
Package: pgfcomp-version-1-18 2023-01-15 v3.1.10 (3.1.10)
)) (/usr/share/texmf-dist/tex/latex/tools/verbatim.sty
Package: verbatim 2022-07-02 v1.5u LaTeX2e package for verbatim enhancements
\every@verbatim=\toks50
\verbatim@line=\toks51
\verbatim@in@stream=\read4
) (/usr/share/texmf-dist/tex/latex/environ/environ.sty
Package: environ 2014/05/04 v0.3 A new way to define environments
 (/usr/share/texmf-dist/tex/latex/trimspaces/trimspaces.sty
Package: trimspaces 2009/09/17 v1.1 Trim spaces around a token list
)) (/usr/share/texmf-dist/tex/latex/etoolbox/etoolbox.sty
Package: etoolbox 2020/10/05 v2.5k e-TeX tools for LaTeX (JAW)
\etb@tempcnta=\count327
)
\tcb@titlebox=\box71
\tcb@upperbox=\box72
\tcb@lowerbox=\box73
\tcb@phantombox=\box74
\c@tcbbreakpart=\count328
\c@tcblayer=\count329
\c@tcolorbox@number=\count330
\tcb@temp=\box75
\tcb@temp=\box76
\tcb@temp=\box77
\tcb@temp=\box78
 (/usr/share/texmf-dist/tex/latex/tcolorbox/tcbraster.code.tex
Library (tcolorbox): 'tcbraster.code.tex' version '6.0.1'
\c@tcbrastercolumn=\count331
\c@tcbrasterrow=\count332
\c@tcbrasternum=\count333
\c@tcbraster=\count334
) (/usr/share/texmf-dist/tex/latex/tcolorbox/tcbskins.code.tex
Library (tcolorbox): 'tcbskins.code.tex' version '6.0.1'
(/usr/share/texmf-dist/tex/latex/pgf/frontendlayer/tikz.sty (/usr/share/texmf-dist/tex/latex/pgf/utilities/pgffor.sty (/usr/share/texmf-dist/tex/latex/pgf/utilities/pgfkeys.sty (/usr/share/texmf-dist/tex/generic/pgf/utilities/pgfkeys.code.tex)) (/usr/share/texmf-dist/tex/latex/pgf/math/pgfmath.sty (/usr/share/texmf-dist/tex/generic/pgf/math/pgfmath.code.tex)) (/usr/share/texmf-dist/tex/generic/pgf/utilities/pgffor.code.tex
Package: pgffor 2023-01-15 v3.1.10 (3.1.10)
\pgffor@iter=\dimen298
\pgffor@skip=\dimen299
\pgffor@stack=\toks52
\pgffor@toks=\toks53
)) (/usr/share/texmf-dist/tex/generic/pgf/frontendlayer/tikz/tikz.code.tex
Package: tikz 2023-01-15 v3.1.10 (3.1.10)
 (/usr/share/texmf-dist/tex/generic/pgf/libraries/pgflibraryplothandlers.code.tex
File: pgflibraryplothandlers.code.tex 2023-01-15 v3.1.10 (3.1.10)
\pgf@plot@mark@count=\count335
\pgfplotmarksize=\dimen300
)
\tikz@lastx=\dimen301
\tikz@lasty=\dimen302
\tikz@lastxsaved=\dimen303
\tikz@lastysaved=\dimen304
\tikz@lastmovetox=\dimen305
\tikz@lastmovetoy=\dimen306
\tikzleveldistance=\dimen307
\tikzsiblingdistance=\dimen308
\tikz@figbox=\box79
\tikz@figbox@bg=\box80
\tikz@tempbox=\box81
\tikz@tempbox@bg=\box82
\tikztreelevel=\count336
\tikznumberofchildren=\count337
\tikznumberofcurrentchild=\count338
\tikz@fig@count=\count339
 (/usr/share/texmf-dist/tex/generic/pgf/modules/pgfmodulematrix.code.tex
File: pgfmodulematrix.code.tex 2023-01-15 v3.1.10 (3.1.10)
\pgfmatrixcurrentrow=\count340
\pgfmatrixcurrentcolumn=\count341
\pgf@matrix@numberofcolumns=\count342
)
\tikz@expandcount=\count343
 (/usr/share/texmf-dist/tex/generic/pgf/frontendlayer/tikz/libraries/tikzlibrarytopaths.code.tex
File: tikzlibrarytopaths.code.tex 2023-01-15 v3.1.10 (3.1.10)
))) (/usr/share/texmf-dist/tex/latex/tikzfill/tikzfill.image.sty
Package: tikzfill.image 2022/07/20 v1.0.0 Image filling library for TikZ
 (/usr/share/texmf-dist/tex/latex/tikzfill/tikzfill-common.sty
Package: tikzfill-common 2022/07/20 v1.0.0 Auxiliary code for tikzfill
) (/usr/share/texmf-dist/tex/latex/tikzfill/tikzlibraryfill.image.code.tex
File: tikzlibraryfill.image.code.tex 2022/07/20 v1.0.0 Image filling library
\l__tikzfill_img_box=\box83
)) (/usr/share/texmf-dist/tex/latex/tcolorbox/tcbskinsjigsaw.code.tex
Library (tcolorbox): 'tcbskinsjigsaw.code.tex' version '6.0.1'
)) (/usr/share/texmf-dist/tex/latex/tcolorbox/tcbbreakable.code.tex
Library (tcolorbox): 'tcbbreakable.code.tex' version '6.0.1'
(/usr/share/texmf-dist/tex/latex/pdfcol/pdfcol.sty
Package: pdfcol 2022-09-21 v1.7 Handle new color stacks for pdfTeX (HO)
)
Package pdfcol Info: New color stack `tcb@breakable' = 1 on input line 23.
\tcb@testbox=\box84
\tcb@totalupperbox=\box85
\tcb@totallowerbox=\box86
) (/usr/share/texmf-dist/tex/latex/tcolorbox/tcbhooks.code.tex
Library (tcolorbox): 'tcbhooks.code.tex' version '6.0.1'
) (/usr/share/texmf-dist/tex/latex/tcolorbox/tcbtheorems.code.tex
Library (tcolorbox): 'tcbtheorems.code.tex' version '6.0.1'
) (/usr/share/texmf-dist/tex/latex/tcolorbox/tcbfitting.code.tex
Library (tcolorbox): 'tcbfitting.code.tex' version '6.0.1'
\tcbfitdim=\dimen309
\tcb@lowerfitdim=\dimen310
\tcb@upperfitdim=\dimen311
\tcb@cur@hbadness=\count344
) (/usr/share/texmf-dist/tex/latex/tcolorbox/tcblistingsutf8.code.tex
Library (tcolorbox): 'tcblistingsutf8.code.tex' version '6.0.1'
(/usr/share/texmf-dist/tex/latex/tcolorbox/tcblistings.code.tex
Library (tcolorbox): 'tcblistings.code.tex' version '6.0.1'
(/usr/share/texmf-dist/tex/latex/tcolorbox/tcblistingscore.code.tex
Library (tcolorbox): 'tcblistingscore.code.tex' version '6.0.1'
(/usr/share/texmf-dist/tex/latex/tcolorbox/tcbprocessing.code.tex
Library (tcolorbox): 'tcbprocessing.code.tex' version '6.0.1'
(/usr/share/texmf-dist/tex/latex/tools/shellesc.sty
Package: shellesc 2019/11/08 v1.0c unified shell escape interface for LaTeX
Package shellesc Info: Restricted shell escape enabled on input line 77.
))
\c@tcblisting=\count345
))) (/usr/share/texmf-dist/tex/latex/tcolorbox/tcbexternal.code.tex
Library (tcolorbox): 'tcbexternal.code.tex' version '6.0.1'
) (/usr/share/texmf-dist/tex/latex/tcolorbox/tcbmagazine.code.tex
Library (tcolorbox): 'tcbmagazine.code.tex' version '6.0.1'
) (/usr/share/texmf-dist/tex/latex/tcolorbox/tcbvignette.code.tex
Library (tcolorbox): 'tcbvignette.code.tex' version '6.0.1'
(/usr/share/texmf-dist/tex/generic/pgf/frontendlayer/tikz/libraries/tikzlibraryfadings.code.tex
File: tikzlibraryfadings.code.tex 2023-01-15 v3.1.10 (3.1.10)
 (/usr/share/texmf-dist/tex/generic/pgf/libraries/pgflibraryfadings.code.tex
File: pgflibraryfadings.code.tex 2023-01-15 v3.1.10 (3.1.10)
))) (/usr/share/texmf-dist/tex/latex/tcolorbox/tcbposter.code.tex
Library (tcolorbox): 'tcbposter.code.tex' version '6.0.1'
))
\c@testexample=\count346
 (/usr/share/texmf-dist/tex/latex/l3packages/xparse/xparse.sty (/usr/share/texmf-dist/tex/latex/l3kernel/expl3.sty
Package: expl3 2023-02-22 L3 programming layer (loader) 
 (/usr/share/texmf-dist/tex/latex/l3backend/l3backend-pdftex.def
File: l3backend-pdftex.def 2023-01-16 L3 backend support: PDF output (pdfTeX)
\l__color_backend_stack_int=\count347
\l__pdf_internal_box=\box87
))
Package: xparse 2023-02-02 L3 Experimental document command parser
) (/usr/share/texmf-dist/tex/latex/subfigure/subfigure.sty
Package: subfigure 2002/03/15 v2.1.5 subfigure package
\subfigtopskip=\skip61
\subfigcapskip=\skip62
\subfigcaptopadj=\dimen312
\subfigbottomskip=\skip63
\subfigcapmargin=\dimen313
\subfiglabelskip=\skip64
\c@subfigure=\count348
\c@lofdepth=\count349
\c@subtable=\count350
\c@lotdepth=\count351

****************************************
* Local config file subfigure.cfg used *
****************************************
(/usr/share/texmf-dist/tex/latex/subfigure/subfigure.cfg)
\subfig@top=\skip65
\subfig@bottom=\skip66
) (/usr/share/texmf-dist/tex/latex/pdfpages/pdfpages.sty
Package: pdfpages 2022/12/19 v0.5x Insert pages of external PDF documents (AM)
 (/usr/share/texmf-dist/tex/latex/base/ifthen.sty
Package: ifthen 2022/04/13 v1.1d Standard LaTeX ifthen package (DPC)
) (/usr/share/texmf-dist/tex/latex/tools/calc.sty
Package: calc 2017/05/25 v4.3 Infix arithmetic (KKT,FJ)
\calc@Acount=\count352
\calc@Bcount=\count353
\calc@Adimen=\dimen314
\calc@Bdimen=\dimen315
\calc@Askip=\skip67
\calc@Bskip=\skip68
LaTeX Info: Redefining \setlength on input line 80.
LaTeX Info: Redefining \addtolength on input line 81.
\calc@Ccount=\count354
\calc@Cskip=\skip69
) (/usr/share/texmf-dist/tex/latex/eso-pic/eso-pic.sty
Package: eso-pic 2020/10/14 v3.0a eso-pic (RN)
\ESO@tempdima=\dimen316
\ESO@tempdimb=\dimen317
)
\AM@pagewidth=\dimen318
\AM@pageheight=\dimen319
\AM@fboxrule=\dimen320
 (/usr/share/texmf-dist/tex/latex/pdfpages/pppdftex.def
File: pppdftex.def 2022/12/19 v0.5x Pdfpages driver for pdfTeX (AM)
)
\pdfpages@includegraphics@status=\count355
\AM@pagebox=\box88
\AM@global@opts=\toks54
\AM@pagecnt=\count356
\AM@toc@title=\toks55
\AM@lof@heading=\toks56
\c@AM@survey=\count357
\AM@templatesizebox=\box89
) (/usr/share/texmf-dist/tex/latex/chemarrow/chemarrow.sty
\z@=\dimen321
\z@skip=\skip70
\autotop=\dimen322
\autobottom=\dimen323
\autosize=\dimen324
) (/usr/share/texmf-dist/tex/latex/setspace/setspace.sty
Package: setspace 2022/12/04 v6.7b set line spacing
) (/usr/share/texmf-dist/tex/latex/tocbibind/tocbibind.sty
Package: tocbibind 2010/10/13 v1.5k extra ToC listings
Package tocbibind Info: The document has chapter divisions on input line 50.


Package tocbibind Note: Using chapter style headings, unless overridden.

) (/usr/share/texmf-dist/tex/latex/appendix/appendix.sty
Package: appendix 2020/02/08 v1.2c extra appendix facilities
\c@@pps=\count358
\c@@ppsavesec=\count359
\c@@ppsaveapp=\count360
) (/usr/share/texmf-dist/tex/latex/eurosym/eurosym.sty
Package: eurosym 1998/08/06 v1.1 European currency symbol ``Euro''
\@eurobox=\box90
) (./bol1201.aux (./mod01.aux) (./mod02.aux) (./mod03.aux) (./mod04.aux))
\openout1 = `bol1201.aux'.

LaTeX Font Info:    Checking defaults for OML/cmm/m/it on input line 58.
LaTeX Font Info:    ... okay on input line 58.
LaTeX Font Info:    Checking defaults for OMS/cmsy/m/n on input line 58.
LaTeX Font Info:    ... okay on input line 58.
LaTeX Font Info:    Checking defaults for OT1/cmr/m/n on input line 58.
LaTeX Font Info:    ... okay on input line 58.
LaTeX Font Info:    Checking defaults for T1/cmr/m/n on input line 58.
LaTeX Font Info:    ... okay on input line 58.
LaTeX Font Info:    Checking defaults for TS1/cmr/m/n on input line 58.
LaTeX Font Info:    ... okay on input line 58.
LaTeX Font Info:    Checking defaults for OMX/cmex/m/n on input line 58.
LaTeX Font Info:    ... okay on input line 58.
LaTeX Font Info:    Checking defaults for U/cmr/m/n on input line 58.
LaTeX Font Info:    ... okay on input line 58.
LaTeX Font Info:    Checking defaults for PD1/pdf/m/n on input line 58.
LaTeX Font Info:    ... okay on input line 58.
LaTeX Font Info:    Checking defaults for PU/pdf/m/n on input line 58.
LaTeX Font Info:    ... okay on input line 58.
Package hyperref Info: Link coloring OFF on input line 58.

*geometry* driver: auto-detecting
*geometry* detected driver: pdftex
*geometry* verbose mode - [ preamble ] result:
* driver: pdftex
* paper: a4paper
* layout: <same size as paper>
* layoutoffset:(h,v)=(0.0pt,0.0pt)
* modes: 
* h-part:(L,W,R)=(89.62709pt, 418.25368pt, 89.6271pt)
* v-part:(T,H,B)=(101.40665pt, 591.5302pt, 152.11pt)
* \paperwidth=597.50787pt
* \paperheight=845.04684pt
* \textwidth=418.25368pt
* \textheight=591.5302pt
* \oddsidemargin=17.3571pt
* \evensidemargin=17.3571pt
* \topmargin=-7.86334pt
* \headheight=12.0pt
* \headsep=25.0pt
* \topskip=11.0pt
* \footskip=30.0pt
* \marginparwidth=50.0pt
* \marginparsep=10.0pt
* \columnsep=10.0pt
* \skip\footins=10.0pt plus 4.0pt minus 2.0pt
* \hoffset=0.0pt
* \voffset=0.0pt
* \mag=1000
* \@twocolumnfalse
* \@twosidefalse
* \@mparswitchfalse
* \@reversemarginfalse
* (1in=72.27pt=25.4mm, 1cm=28.453pt)

(/usr/share/texmf-dist/tex/context/base/mkii/supp-pdf.mkii
[Loading MPS to PDF converter (version 2006.09.02).]
\scratchcounter=\count361
\scratchdimen=\dimen325
\scratchbox=\box91
\nofMPsegments=\count362
\nofMParguments=\count363
\everyMPshowfont=\toks57
\MPscratchCnt=\count364
\MPscratchDim=\dimen326
\MPnumerator=\count365
\makeMPintoPDFobject=\count366
\everyMPtoPDFconversion=\toks58
) (/usr/share/texmf-dist/tex/latex/epstopdf-pkg/epstopdf-base.sty
Package: epstopdf-base 2020-01-24 v2.11 Base part for package epstopdf
Package epstopdf-base Info: Redefining graphics rule for `.eps' on input line 485.
 (/usr/share/texmf-dist/tex/latex/latexconfig/epstopdf-sys.cfg
File: epstopdf-sys.cfg 2010/07/13 v1.3 Configuration of (r)epstopdf for TeX Live
))
\c@lstlisting=\count367
 (/usr/share/texmf-dist/tex/latex/pdflscape/pdflscape.sty
Package: pdflscape 2022-10-27 v0.13 Display of landscape pages in PDF
 (/usr/share/texmf-dist/tex/latex/pdflscape/pdflscape-nometadata.sty
Package: pdflscape-nometadata 2022-10-28 v0.13 Display of landscape pages in PDF (HO)
 (/usr/share/texmf-dist/tex/latex/graphics/lscape.sty
Package: lscape 2020/05/28 v3.02 Landscape Pages (DPC)
)
Package pdflscape Info: Auto-detected driver: pdftex on input line 81.
)) (./styles/cmds.tex)
LaTeX Font Info:    Trying to load font information for U+msa on input line 62.
 (/usr/share/texmf-dist/tex/latex/amsfonts/umsa.fd
File: umsa.fd 2013/01/14 v3.01 AMS symbols A
)
LaTeX Font Info:    Trying to load font information for U+msb on input line 62.
 (/usr/share/texmf-dist/tex/latex/amsfonts/umsb.fd
File: umsb.fd 2013/01/14 v3.01 AMS symbols B
)
LaTeX Font Info:    Trying to load font information for U+lasy on input line 62.
 (/usr/share/texmf-dist/tex/latex/base/ulasy.fd
File: ulasy.fd 1998/08/17 v2.2e LaTeX symbol font definitions
)
LaTeX Font Info:    Trying to load font information for T1+phv on input line 62.
 (/usr/share/texmf-dist/tex/latex/psnfss/t1phv.fd
File: t1phv.fd 2020/03/25 scalable font definitions for T1/phv.
) [1

{/var/lib/texmf/fonts/map/pdftex/updmap/pdftex.map}{/usr/share/texmf-dist/fonts/enc/dvips/cm-super/cm-super-t1.enc}]
LaTeX Font Info:    Font shape `T1/phv/bx/n' in size <24.88> not available
(Font)              Font shape `T1/phv/b/n' tried instead on input line 62.
 (./bol1201.toc
pdfTeX warning (ext4): destination with the same identifier (name{page.1}) has been already used, duplicate ignored
<to be read again> 
                   \relax 
l.21 ...cieros en los que invertir}{56}{chapter.4}
                                                  % [1

{/usr/share/texmf-dist/fonts/enc/dvips/base/8r.enc}])
\tf@toc=\write4
\openout4 = `bol1201.toc'.

 [2]
\openout2 = `mod01.aux'.

 (./mod01.tex
Chapter 1.
LaTeX Font Info:    Font shape `T1/phv/bx/n' in size <20.74> not available
(Font)              Font shape `T1/phv/b/n' tried instead on input line 1.
LaTeX Font Info:    Font shape `T1/phv/bx/n' in size <14.4> not available
(Font)              Font shape `T1/phv/b/n' tried instead on input line 3.
LaTeX Font Info:    Trying to load font information for TS1+phv on input line 6.
(/usr/share/texmf-dist/tex/latex/psnfss/ts1phv.fd
File: ts1phv.fd 2020/03/25 scalable font definitions for TS1/phv.
)
LaTeX Font Info:    Font shape `T1/phv/bx/n' in size <10.95> not available
(Font)              Font shape `T1/phv/b/n' tried instead on input line 22.
 [3


]
Overfull \hbox (9.88898pt too wide) detected at line 55
[]
 []

[4{/usr/share/texmf-dist/fonts/enc/dvips/cm-super/cm-super-ts1.enc}] [5]
<images/rv-aritmetica.png, id=135, 715.92468pt x 369.63094pt>
File: images/rv-aritmetica.png Graphic file (type png)
<use images/rv-aritmetica.png>
Package pdftex.def Info: images/rv-aritmetica.png  used on input line 111.
(pdftex.def)             Requested size: 250.5774pt x 129.37276pt.
<images/rv-geometrica.png, id=137, 392.21532pt x 194.97844pt>
File: images/rv-geometrica.png Graphic file (type png)
<use images/rv-geometrica.png>
Package pdftex.def Info: images/rv-geometrica.png  used on input line 117.
(pdftex.def)             Requested size: 294.16077pt x 146.23346pt.
 [6 <./images/rv-aritmetica.png> <./images/rv-geometrica.png>] [7]
<images/diversificacion-riesgo.png, id=151, 417.81094pt x 246.1697pt>
File: images/diversificacion-riesgo.png Graphic file (type png)
<use images/diversificacion-riesgo.png>
Package pdftex.def Info: images/diversificacion-riesgo.png  used on input line 141.
(pdftex.def)             Requested size: 313.35744pt x 184.6268pt.
<images/jazztel.png, id=152, 368.1253pt x 208.52907pt>
File: images/jazztel.png Graphic file (type png)
<use images/jazztel.png>
Package pdftex.def Info: images/jazztel.png  used on input line 152.
(pdftex.def)             Requested size: 239.27861pt x 135.54228pt.
 [8 <./images/diversificacion-riesgo.png>]
<images/fcc.png, id=158, 371.88937pt x 203.25937pt>
File: images/fcc.png Graphic file (type png)
<use images/fcc.png>
Package pdftex.def Info: images/fcc.png  used on input line 157.
(pdftex.def)             Requested size: 241.72522pt x 132.11702pt.
<images/diversificacion-ibex35.png, id=159, 374.14781pt x 206.27063pt>
File: images/diversificacion-ibex35.png Graphic file (type png)
<use images/diversificacion-ibex35.png>
Package pdftex.def Info: images/diversificacion-ibex35.png  used on input line 166.
(pdftex.def)             Requested size: 243.19318pt x 134.07431pt.
 [9 <./images/jazztel.png> <./images/fcc.png>]
Overfull \hbox (1.30751pt too wide) in paragraph at lines 184--185
[]\T1/cmr/m/n/10.95 Obtendremos un im-por-tante reval-orización de nues-tra in-ver-sión, de nues-tra rentabil-
 []

[10 <./images/diversificacion-ibex35.png>]
<images/papel-dividendos.png, id=172, 383.93437pt x 198.7425pt>
File: images/papel-dividendos.png Graphic file (type png)
<use images/papel-dividendos.png>
Package pdftex.def Info: images/papel-dividendos.png  used on input line 191.
(pdftex.def)             Requested size: 345.53773pt x 178.86658pt.
 [11 <./images/papel-dividendos.png>]
<images/papel-dividendos-fiscal.png, id=180, 356.0803pt x 189.70876pt>
File: images/papel-dividendos-fiscal.png Graphic file (type png)
<use images/papel-dividendos-fiscal.png>
Package pdftex.def Info: images/papel-dividendos-fiscal.png  used on input line 205.
(pdftex.def)             Requested size: 320.46931pt x 170.73628pt.
<images/dividendos-historico.png, id=181, 301.125pt x 218.31563pt>
File: images/dividendos-historico.png Graphic file (type png)
<use images/dividendos-historico.png>
Package pdftex.def Info: images/dividendos-historico.png  used on input line 215.
(pdftex.def)             Requested size: 210.78606pt x 152.81989pt.
 [12 <./images/papel-dividendos-fiscal.png> <./images/dividendos-historico.png>]
<images/papel-dividendos2.png, id=189, 358.33875pt x 215.30438pt>
File: images/papel-dividendos2.png Graphic file (type png)
<use images/papel-dividendos2.png>
Package pdftex.def Info: images/papel-dividendos2.png  used on input line 221.
(pdftex.def)             Requested size: 286.67139pt x 172.24373pt.
 [13 <./images/papel-dividendos2.png>]) [14]
\openout2 = `mod02.aux'.

 (./mod02.tex
Chapter 2.
<images/graphs-01.png, id=202, 347.79938pt x 219.06844pt>
File: images/graphs-01.png Graphic file (type png)
<use images/graphs-01.png>
Package pdftex.def Info: images/graphs-01.png  used on input line 11.
(pdftex.def)             Requested size: 330.40753pt x 208.11382pt.
[15




 <./images/graphs-01.png>]
<images/graphs-02_01.png, id=209, 145.29282pt x 85.06781pt>
File: images/graphs-02_01.png Graphic file (type png)
<use images/graphs-02_01.png>
Package pdftex.def Info: images/graphs-02_01.png  used on input line 17.
(pdftex.def)             Requested size: 94.4392pt x 55.29341pt.
<images/graphs-02.png, id=210, 353.06906pt x 212.29312pt>
File: images/graphs-02.png Graphic file (type png)
<use images/graphs-02.png>
Package pdftex.def Info: images/graphs-02.png  used on input line 18.
(pdftex.def)             Requested size: 229.49216pt x 137.98889pt.
<images/graphs-03_01.png, id=211, 277.78781pt x 125.71968pt>
File: images/graphs-03_01.png Graphic file (type png)
<use images/graphs-03_01.png>
Package pdftex.def Info: images/graphs-03_01.png  used on input line 31.
(pdftex.def)             Requested size: 180.55992pt x 81.71681pt.
<images/graphs-03.png, id=212, 351.56343pt x 214.55156pt>
File: images/graphs-03.png Graphic file (type png)
<use images/graphs-03.png>
Package pdftex.def Info: images/graphs-03.png  used on input line 32.
(pdftex.def)             Requested size: 228.5135pt x 139.45685pt.

Overfull \hbox (42.19481pt too wide) in paragraph at lines 30--34
 [] 
 []

[16 <./images/graphs-02_01.png> <./images/graphs-02.png>] [17 <./images/graphs-03_01.png> <./images/graphs-03.png>]
<images/tendencia-alcista.png, id=230, 219.06844pt x 137.01187pt>
File: images/tendencia-alcista.png Graphic file (type png)
<use images/tendencia-alcista.png>
Package pdftex.def Info: images/tendencia-alcista.png  used on input line 61.
(pdftex.def)             Requested size: 175.25497pt x 109.60963pt.
<images/tendencia-bajista.png, id=231, 212.29312pt x 140.02313pt>
File: images/tendencia-bajista.png Graphic file (type png)
<use images/tendencia-bajista.png>
Package pdftex.def Info: images/tendencia-bajista.png  used on input line 65.
(pdftex.def)             Requested size: 169.83472pt x 112.01865pt.
<images/graphs-01_02.png, id=232, 371.13657pt x 213.04594pt>
File: images/graphs-01_02.png Graphic file (type png)
<use images/graphs-01_02.png>
Package pdftex.def Info: images/graphs-01_02.png  used on input line 72.
(pdftex.def)             Requested size: 296.90965pt x 170.43697pt.
 [18 <./images/tendencia-alcista.png> <./images/tendencia-bajista.png>]
<images/graphs-01_03.png, id=240, 386.19281pt x 219.82124pt>
File: images/graphs-01_03.png Graphic file (type png)
<use images/graphs-01_03.png>
Package pdftex.def Info: images/graphs-01_03.png  used on input line 77.
(pdftex.def)             Requested size: 308.95465pt x 175.85722pt.

Overfull \hbox (27.90422pt too wide) in paragraph at lines 79--80
\T1/cmr/m/n/10.95 pertenecientes a la \T1/cmr/m/it/10.95 ten-den-cia ter-cia-ria\T1/cmr/m/n/10.95 , que re-quieren un cierto nivel de conocimiento
 []

[19 <./images/graphs-01_02.png> <./images/graphs-01_03.png>]
<images/soporte_resistencia.png, id=248, 392.21532pt x 221.32687pt>
File: images/soporte_resistencia.png Graphic file (type png)
<use images/soporte_resistencia.png>
Package pdftex.def Info: images/soporte_resistencia.png  used on input line 90.
(pdftex.def)             Requested size: 313.77267pt x 177.06172pt.
 [20 <./images/soporte_resistencia.png>]
<images/medmovsim.png, id=256, 364.36125pt x 221.32687pt>
File: images/medmovsim.png Graphic file (type png)
<use images/medmovsim.png>
Package pdftex.def Info: images/medmovsim.png  used on input line 119.
(pdftex.def)             Requested size: 291.48938pt x 177.06172pt.
 [21]
<images/medmovpon.png, id=262, 371.13657pt x 228.10219pt>
File: images/medmovpon.png Graphic file (type png)
<use images/medmovpon.png>
Package pdftex.def Info: images/medmovpon.png  used on input line 128.
(pdftex.def)             Requested size: 296.90965pt x 182.48198pt.
 [22 <./images/medmovsim.png> <./images/medmovpon.png>]
<images/medmovexp.png, id=269, 380.17032pt x 227.34938pt>
File: images/medmovexp.png Graphic file (type png)
<use images/medmovexp.png>
Package pdftex.def Info: images/medmovexp.png  used on input line 133.
(pdftex.def)             Requested size: 304.13666pt x 181.87975pt.
<images/identificar-tendencia.png, id=270, 379.4175pt x 216.81pt>
File: images/identificar-tendencia.png Graphic file (type png)
<use images/identificar-tendencia.png>
Package pdftex.def Info: images/identificar-tendencia.png  used on input line 144.
(pdftex.def)             Requested size: 303.53441pt x 173.44823pt.
 [23 <./images/medmovexp.png>] [24 <./images/identificar-tendencia.png>]
<images/MACD.png, id=282, 384.6872pt x 224.33812pt>
File: images/MACD.png Graphic file (type png)
<use images/MACD.png>
Package pdftex.def Info: images/MACD.png  used on input line 176.
(pdftex.def)             Requested size: 307.75017pt x 179.47073pt.
 [25 <./images/MACD.png>]
<images/MACD-01.png, id=290, 354.57469pt x 222.07968pt>
File: images/MACD-01.png Graphic file (type png)
<use images/MACD-01.png>
Package pdftex.def Info: images/MACD-01.png  used on input line 187.
(pdftex.def)             Requested size: 283.66013pt x 177.66397pt.
<images/MACD-02.png, id=291, 377.15906pt x 216.05719pt>
File: images/MACD-02.png Graphic file (type png)
<use images/MACD-02.png>
Package pdftex.def Info: images/MACD-02.png  used on input line 189.
(pdftex.def)             Requested size: 301.72766pt x 172.84596pt.
 [26 <./images/MACD-01.png> <./images/MACD-02.png>]
<images/fractal.png, id=298, 112.92188pt x 121.95563pt>
File: images/fractal.png Graphic file (type png)
<use images/fractal.png>
Package pdftex.def Info: images/fractal.png  used on input line 200.
(pdftex.def)             Requested size: 90.3376pt x 97.5646pt.
<images/time-frame.png, id=299, 376.40625pt x 216.05719pt>
File: images/time-frame.png Graphic file (type png)
<use images/time-frame.png>
Package pdftex.def Info: images/time-frame.png  used on input line 211.
(pdftex.def)             Requested size: 301.1254pt x 172.84596pt.
<images/time-frame-01.png, id=300, 310.91156pt x 227.34938pt>
File: images/time-frame-01.png Graphic file (type png)
<use images/time-frame-01.png>
Package pdftex.def Info: images/time-frame-01.png  used on input line 213.
(pdftex.def)             Requested size: 248.72957pt x 181.87975pt.
 [27 <./images/fractal.png>]
<images/time-frame-02.png, id=306, 411.78844pt x 219.06844pt>
File: images/time-frame-02.png Graphic file (type png)
<use images/time-frame-02.png>
Package pdftex.def Info: images/time-frame-02.png  used on input line 220.
(pdftex.def)             Requested size: 329.43118pt x 175.25497pt.
 [28 <./images/time-frame.png> <./images/time-frame-01.png>]
<images/time-frame-03.png, id=313, 310.91156pt x 163.3603pt>
File: images/time-frame-03.png Graphic file (type png)
<use images/time-frame-03.png>
Package pdftex.def Info: images/time-frame-03.png  used on input line 228.
(pdftex.def)             Requested size: 248.72957pt x 130.6884pt.
<images/time-frame-04.png, id=314, 324.46219pt x 163.3603pt>
File: images/time-frame-04.png Graphic file (type png)
<use images/time-frame-04.png>
Package pdftex.def Info: images/time-frame-04.png  used on input line 234.
(pdftex.def)             Requested size: 259.57008pt x 130.6884pt.
 [29 <./images/time-frame-02.png> <./images/time-frame-03.png>]) [30 <./images/time-frame-04.png>]
\openout2 = `mod03.aux'.

 (./mod03.tex
Chapter 3.
<images/mod03-01.png, id=327, 360.59718pt x 201.75375pt>
File: images/mod03-01.png Graphic file (type png)
<use images/mod03-01.png>
Package pdftex.def Info: images/mod03-01.png  used on input line 10.
(pdftex.def)             Requested size: 306.50905pt x 171.49149pt.
[31




 <./images/mod03-01.png>]
<images/mod03-02.png, id=333, 673.76718pt x 396.7322pt>
File: images/mod03-02.png Graphic file (type png)
<use images/mod03-02.png>
Package pdftex.def Info: images/mod03-02.png  used on input line 24.
(pdftex.def)             Requested size: 437.94348pt x 257.87286pt.

Overfull \hbox (19.6898pt too wide) in paragraph at lines 24--25
 [] 
 []

[32 <./images/mod03-02.png>]
<images/mod03-03.png, id=339, 636.12656pt x 392.21532pt>
File: images/mod03-03.png Graphic file (type png)
<use images/mod03-03.png>
Package pdftex.def Info: images/mod03-03.png  used on input line 30.
(pdftex.def)             Requested size: 413.47736pt x 254.93694pt.
<images/mod03-04.png, id=340, 676.77844pt x 408.02437pt>
File: images/mod03-04.png Graphic file (type png)
<use images/mod03-04.png>
Package pdftex.def Info: images/mod03-04.png  used on input line 35.
(pdftex.def)             Requested size: 439.90077pt x 265.21269pt.

Overfull \hbox (21.6471pt too wide) in paragraph at lines 35--36
 [] 
 []

[33 <./images/mod03-03.png>] [34 <./images/mod03-04.png>]
<images/mod03-05.png, id=351, 326.72063pt x 210.7875pt>
File: images/mod03-05.png Graphic file (type png)
<use images/mod03-05.png>
Package pdftex.def Info: images/mod03-05.png  used on input line 70.
(pdftex.def)             Requested size: 212.36588pt x 137.01025pt.
 [35]
File: images/mod03-05.png Graphic file (type png)
<use images/mod03-05.png>
Package pdftex.def Info: images/mod03-05.png  used on input line 79.
(pdftex.def)             Requested size: 212.36588pt x 137.01025pt.
 [36 <./images/mod03-05.png>]
<images/mod03-07.png, id=366, 336.50719pt x 208.52907pt>
File: images/mod03-07.png Graphic file (type png)
<use images/mod03-07.png>
Package pdftex.def Info: images/mod03-07.png  used on input line 86.
(pdftex.def)             Requested size: 218.72707pt x 135.54228pt.
<images/mod03-08.png, id=367, 333.49594pt x 216.81pt>
File: images/mod03-08.png Graphic file (type png)
<use images/mod03-08.png>
Package pdftex.def Info: images/mod03-08.png  used on input line 93.
(pdftex.def)             Requested size: 216.76979pt x 140.92482pt.
<images/mod03-09.png, id=368, 328.22626pt x 201.75375pt>
File: images/mod03-09.png Graphic file (type png)
<use images/mod03-09.png>
Package pdftex.def Info: images/mod03-09.png  used on input line 98.
(pdftex.def)             Requested size: 213.34453pt x 131.13837pt.
 [37 <./images/mod03-07.png> <./images/mod03-08.png>]
<images/mod03-10.png, id=375, 589.4522pt x 315.42844pt>
File: images/mod03-10.png Graphic file (type png)
<use images/mod03-10.png>
Package pdftex.def Info: images/mod03-10.png  used on input line 108.
(pdftex.def)             Requested size: 383.13939pt x 205.02605pt.
 [38 <./images/mod03-09.png> <./images/mod03-10.png>]
<images/mod03-11.png, id=382, 507.39563pt x 339.51843pt>
File: images/mod03-11.png Graphic file (type png)
<use images/mod03-11.png>
Package pdftex.def Info: images/mod03-11.png  used on input line 115.
(pdftex.def)             Requested size: 329.80325pt x 220.68436pt.
LaTeX Font Info:    Font shape `T1/phv/bx/n' in size <12> not available
(Font)              Font shape `T1/phv/b/n' tried instead on input line 125.
 [39 <./images/mod03-11.png>]
<images/mod03-12.png, id=389, 925.20656pt x 502.87875pt>
File: images/mod03-12.png Graphic file (type png)
<use images/mod03-12.png>
Package pdftex.def Info: images/mod03-12.png  used on input line 142.
(pdftex.def)             Requested size: 416.33911pt x 226.29333pt.

Overfull \hbox (2.65157pt too wide) in paragraph at lines 146--147
[]\T1/cmr/m/n/10.95 Identificar el pa-trón. Hemos di-cho que bási-ca-mente la ban-dera re-fleja un movimiento
 []

[40 <./images/mod03-12.png>]
<images/mod03-13.png, id=395, 446.41782pt x 274.02374pt>
File: images/mod03-13.png Graphic file (type png)
<use images/mod03-13.png>
Package pdftex.def Info: images/mod03-13.png  used on input line 151.
(pdftex.def)             Requested size: 290.16814pt x 178.11331pt.
 [41 <./images/mod03-13.png>]
<images/mod03-14.png, id=402, 746.03719pt x 398.23781pt>
File: images/mod03-14.png Graphic file (type png)
<use images/mod03-14.png>
Package pdftex.def Info: images/mod03-14.png  used on input line 162.
(pdftex.def)             Requested size: 484.91843pt x 258.8515pt.

Overfull \hbox (94.03981pt too wide) in paragraph at lines 162--163
 [] 
 []

[42 <./images/mod03-14.png>]
Overfull \hbox (0.5425pt too wide) in paragraph at lines 169--170
[]\T1/cmr/m/n/10.95 Esta es-trate-gia debe apli-carse ahora so-bre difer-entes índices bursátiles como DJIAX,
 []

<images/mod03-15.png, id=410, 743.02594pt x 386.19281pt>
File: images/mod03-15.png Graphic file (type png)
<use images/mod03-15.png>
Package pdftex.def Info: images/mod03-15.png  used on input line 176.
(pdftex.def)             Requested size: 482.96114pt x 251.02234pt.

Overfull \hbox (92.08252pt too wide) in paragraph at lines 176--177
 [] 
 []

[43]
LaTeX Font Info:    Font shape `T1/phv/m/it' in size <9> not available
(Font)              Font shape `T1/phv/m/sl' tried instead on input line 180.
<images/mod03-16.png, id=417, 755.07094pt x 395.22656pt>
File: images/mod03-16.png Graphic file (type png)
<use images/mod03-16.png>
Package pdftex.def Info: images/mod03-16.png  used on input line 182.
(pdftex.def)             Requested size: 490.7903pt x 256.89421pt.

Overfull \hbox (99.91168pt too wide) in paragraph at lines 182--183
 [] 
 []

[44 <./images/mod03-15.png>]
<images/mod03-17.png, id=425, 767.86874pt x 307.90031pt>
File: images/mod03-17.png Graphic file (type png)
<use images/mod03-17.png>
Package pdftex.def Info: images/mod03-17.png  used on input line 189.
(pdftex.def)             Requested size: 499.10876pt x 200.13283pt.

Overfull \hbox (80.85509pt too wide) in paragraph at lines 189--190
 [] 
 []

[45 <./images/mod03-16.png> <./images/mod03-17.png>]
<images/mod03-18.png, id=432, 730.22812pt x 391.4625pt>
File: images/mod03-18.png Graphic file (type png)
<use images/mod03-18.png>
Package pdftex.def Info: images/mod03-18.png  used on input line 197.
(pdftex.def)             Requested size: 474.64265pt x 254.4476pt.

Overfull \hbox (56.38898pt too wide) in paragraph at lines 197--198
 [] 
 []

[46 <./images/mod03-18.png>]
<images/mod03-19.png, id=438, 766.36313pt x 289.08pt>
File: images/mod03-19.png Graphic file (type png)
<use images/mod03-19.png>
Package pdftex.def Info: images/mod03-19.png  used on input line 209.
(pdftex.def)             Requested size: 498.13014pt x 187.89977pt.

Overfull \hbox (79.87646pt too wide) in paragraph at lines 209--210
 [] 
 []

[47 <./images/mod03-19.png>]
<images/mod03-20.png, id=444, 405.01312pt x 201.75375pt>
File: images/mod03-20.png Graphic file (type png)
<use images/mod03-20.png>
Package pdftex.def Info: images/mod03-20.png  used on input line 226.
(pdftex.def)             Requested size: 263.2554pt x 131.13837pt.
 [48 <./images/mod03-20.png>]
<images/mod03-21.png, id=451, 669.2503pt x 308.65312pt>
File: images/mod03-21.png Graphic file (type png)
<use images/mod03-21.png>
Package pdftex.def Info: images/mod03-21.png  used on input line 245.
(pdftex.def)             Requested size: 435.00754pt x 200.62215pt.

Overfull \hbox (44.12892pt too wide) in paragraph at lines 245--246
 [] 
 []

[49 <./images/mod03-21.png>]
<images/mod03-22.png, id=457, 819.06pt x 441.14813pt>
File: images/mod03-22.png Graphic file (type png)
<use images/mod03-22.png>
Package pdftex.def Info: images/mod03-22.png  used on input line 258.
(pdftex.def)             Requested size: 532.38269pt x 286.74287pt.

Overfull \hbox (114.12901pt too wide) in paragraph at lines 258--259
 [] 
 []

[50 <./images/mod03-22.png>]
<images/mod03-23.png, id=463, 463.7325pt x 413.29407pt>
File: images/mod03-23.png Graphic file (type png)
<use images/mod03-23.png>
Package pdftex.def Info: images/mod03-23.png  used on input line 284.
(pdftex.def)             Requested size: 301.42255pt x 268.63795pt.
 [51]
<images/mod03-24.png, id=470, 830.35219pt x 417.05812pt>
File: images/mod03-24.png Graphic file (type png)
<use images/mod03-24.png>
Package pdftex.def Info: images/mod03-24.png  used on input line 293.
(pdftex.def)             Requested size: 539.72253pt x 271.08456pt.

Overfull \hbox (121.46886pt too wide) in paragraph at lines 293--294
 [] 
 []

[52 <./images/mod03-23.png>] [53 <./images/mod03-24.png>] [54]
Overfull \hbox (3.28761pt too wide) in paragraph at lines 345--346
[]\T1/cmr/m/n/10.95 así como otros ra-tios fi-nancieros económi-cos que nos in-di-can cuál es la situación
 []

) [55]
\openout2 = `mod04.aux'.

 (./mod04.tex
Chapter 4.
[56




]
<images/mod04_01.png, id=494, 571.38469pt x 421.575pt>
File: images/mod04_01.png Graphic file (type png)
<use images/mod04_01.png>
Package pdftex.def Info: images/mod04_01.png  used on input line 43.
(pdftex.def)             Requested size: 371.39565pt x 274.0205pt.
 [57] [58 <./images/mod04_01.png>] [59] [60]) [61] (./bol1201.aux (./mod01.aux) (./mod02.aux) (./mod03.aux) (./mod04.aux)) ) 
Here is how much of TeX's memory you used:
 32960 strings out of 477882
 644616 string characters out of 5837337
 1865388 words of memory out of 5000000
 52328 multiletter control sequences out of 15000+600000
 570767 words of font info for 124 fonts, out of 8000000 for 9000
 62 hyphenation exceptions out of 8191
 93i,18n,99p,1278b,1585s stack positions out of 10000i,1000n,20000p,200000b,200000s

pdfTeX warning (dest): name{Hfootnote.1} has been referenced but does not exist, replaced by a fixed one

</usr/share/texmf-dist/fonts/type1/public/amsfonts/cm/cmmi10.pfb></usr/share/texmf-dist/fonts/type1/public/amsfonts/cm/cmr10.pfb></usr/share/texmf-dist/fonts/type1/public/amsfonts/cm/cmr8.pfb></usr/share/texmf-dist/fonts/type1/public/amsfonts/cm/cmsy10.pfb></usr/share/texmf-dist/fonts/type1/public/amsfonts/cm/cmti10.pfb></usr/share/texmf-dist/fonts/type1/public/cm-super/sfbi1095.pfb></usr/share/texmf-dist/fonts/type1/public/cm-super/sfbx1095.pfb></usr/share/texmf-dist/fonts/type1/public/cm-super/sfrm0800.pfb></usr/share/texmf-dist/fonts/type1/public/cm-super/sfrm1095.pfb></usr/share/texmf-dist/fonts/type1/public/cm-super/sfrm1200.pfb></usr/share/texmf-dist/fonts/type1/public/cm-super/sfrm1728.pfb></usr/share/texmf-dist/fonts/type1/public/cm-super/sfti1095.pfb></usr/share/texmf-dist/fonts/type1/urw/helvetic/uhvb8a.pfb></usr/share/texmf-dist/fonts/type1/urw/helvetic/uhvr8a.pfb></usr/share/texmf-dist/fonts/type1/urw/helvetic/uhvro8a.pfb>
Output written on bol1201.pdf (62 pages, 5815002 bytes).
PDF statistics:
 698 PDF objects out of 1000 (max. 8388607)
 458 compressed objects within 5 object streams
 123 named destinations out of 1000 (max. 500000)
 634 words of extra memory for PDF output out of 10000 (max. 10000000)

